<?xml version="1.0" encoding="UTF-8"?>
<!-- Generated by org.testng.reporters.JUnitXMLReporter -->
<testsuite ignored="0" hostname="abhijet" failures="0" tests="4" name="Default test" time="0.095" errors="0" timestamp="2023-02-05T18:06:17 IST">
  <testcase classname="testNGpackage.TestNGclass2" name="testA" time="0.014"/>
  <testcase classname="testNGpackage.TestNGclass2" name="testB" time="0.002"/>
  <testcase classname="testNGpackage.TestNGclass2" name="testC" time="0.002"/>
  <testcase classname="testNGpackage.TestNGclass2" name="testD" time="0.003"/>
</testsuite> <!-- Default test -->
