<?xml version="1.0" encoding="UTF-8"?>
<testng-results ignored="0" total="4" passed="4" failed="0" skipped="0">
  <reporter-output>
  </reporter-output>
  <suite started-at="2023-02-05T18:06:17 IST" name="Default suite" finished-at="2023-02-05T18:06:17 IST" duration-ms="95">
    <groups>
    </groups>
    <test started-at="2023-02-05T18:06:17 IST" name="Default test" finished-at="2023-02-05T18:06:17 IST" duration-ms="95">
      <class name="testNGpackage.TestNGclass2">
        <test-method signature="testA()[pri:0, instance:testNGpackage.TestNGclass2@61230f6a]" started-at="2023-02-05T18:06:17 IST" name="testA" finished-at="2023-02-05T18:06:17 IST" duration-ms="14" status="PASS">
          <reporter-output>
          </reporter-output>
        </test-method> <!-- testA -->
        <test-method signature="testB()[pri:0, instance:testNGpackage.TestNGclass2@61230f6a]" started-at="2023-02-05T18:06:17 IST" name="testB" finished-at="2023-02-05T18:06:17 IST" duration-ms="2" status="PASS">
          <reporter-output>
          </reporter-output>
        </test-method> <!-- testB -->
        <test-method signature="testC()[pri:0, instance:testNGpackage.TestNGclass2@61230f6a]" started-at="2023-02-05T18:06:17 IST" name="testC" finished-at="2023-02-05T18:06:17 IST" duration-ms="2" status="PASS">
          <reporter-output>
          </reporter-output>
        </test-method> <!-- testC -->
        <test-method signature="testD()[pri:0, instance:testNGpackage.TestNGclass2@61230f6a]" started-at="2023-02-05T18:06:17 IST" name="testD" finished-at="2023-02-05T18:06:17 IST" duration-ms="3" status="PASS">
          <reporter-output>
          </reporter-output>
        </test-method> <!-- testD -->
      </class> <!-- testNGpackage.TestNGclass2 -->
    </test> <!-- Default test -->
  </suite> <!-- Default suite -->
</testng-results>
