<?xml version="1.0" encoding="UTF-8"?>
<!-- Generated by org.testng.reporters.JUnitXMLReporter -->
<testsuite ignored="4" hostname="abhijet" failures="0" tests="4" name="ChromeTest" time="0.134" errors="0" timestamp="2023-01-25T14:14:38 IST">
  <testcase classname="testNGpackage.TestNGclass1" name="test1" time="0.01"/>
  <testcase classname="testNGpackage.TestNGclass1" name="test3" time="0.007"/>
  <testcase classname="testNGpackage.TestNGclass2" name="testC" time="0.003"/>
  <testcase classname="testNGpackage.TestNGclass2" name="testD" time="0.007"/>
  <testcase classname="testNGpackage.TestNGclass2" name="testA" time="0.0">
    <ignored/>
  </testcase> <!-- testA -->
  <testcase classname="testNGpackage.TestNGclass2" name="testB" time="0.0">
    <ignored/>
  </testcase> <!-- testB -->
  <testcase classname="testNGpackage.TestNGclass1" name="test2" time="0.0">
    <ignored/>
  </testcase> <!-- test2 -->
  <testcase classname="testNGpackage.TestNGclass1" name="test4" time="0.0">
    <ignored/>
  </testcase> <!-- test4 -->
</testsuite> <!-- ChromeTest -->
