<?xml version="1.0" encoding="UTF-8"?>
<!-- Generated by org.testng.reporters.JUnitXMLReporter -->
<testsuite ignored="3" hostname="abhijet" failures="0" tests="1" name="FirefoxTest" time="0.023" errors="0" timestamp="2023-01-25T14:14:38 IST">
  <testcase classname="testNGpackage.TestNGclass1" name="test2" time="0.003"/>
  <testcase classname="testNGpackage.TestNGclass1" name="test1" time="0.0">
    <ignored/>
  </testcase> <!-- test1 -->
  <testcase classname="testNGpackage.TestNGclass1" name="test3" time="0.0">
    <ignored/>
  </testcase> <!-- test3 -->
  <testcase classname="testNGpackage.TestNGclass1" name="test4" time="0.0">
    <ignored/>
  </testcase> <!-- test4 -->
</testsuite> <!-- FirefoxTest -->
