<?xml version="1.0" encoding="UTF-8"?>
<!-- Generated by org.testng.reporters.JUnitXMLReporter -->
<testsuite ignored="0" hostname="abhijet" failures="1" tests="8" name="Test" time="0.138" errors="0" timestamp="2023-02-01T10:01:51 IST">
  <testcase classname="testNGpackage.TestNGclass2" name="testA" time="0.013"/>
  <testcase classname="testNGpackage.TestNGclass2" name="testB" time="0.002"/>
  <testcase classname="testNGpackage.TestNGclass2" name="testC" time="0.003"/>
  <testcase classname="testNGpackage.TestNGclass2" name="testD" time="0.001"/>
  <testcase classname="testNGpackage.TestNGclass1" name="test1" time="0.006">
    <failure type="java.lang.AssertionError" message="expected [home page is not working] but found [home page is working]">
      <![CDATA[java.lang.AssertionError: expected [home page is not working] but found [home page is working]
at testNGpackage.TestNGclass1.test1(TestNGclass1.java:24)
at java.base/java.util.ArrayList.forEach(ArrayList.java:1511)
... Removed 33 stack frames]]>
    </failure>
  </testcase> <!-- test1 -->
  <testcase classname="testNGpackage.TestNGclass1" name="test2" time="0.005"/>
  <testcase classname="testNGpackage.TestNGclass1" name="test3" time="0.002"/>
  <testcase classname="testNGpackage.TestNGclass1" name="test4" time="0.003"/>
</testsuite> <!-- Test -->
